<?xml version="1.0" encoding="UTF-8"?>
<!-- Generated by org.testng.reporters.JUnitReportReporter -->
<testsuite skipped="2" hostname="mladensImac" name="test.TestExamKitchen" tests="3" failures="0" timestamp="2022-02-01T22:23:53 CET" time="13.723" errors="0">
  <testcase name="menuHappyPath" time="13.723" classname="test.TestExamKitchen"/>
  <system-out/>
  <testcase name="reserveHappyPath" classname="test.TestExamKitchen">
    <skipped/>
  </testcase> <!-- reserveHappyPath -->
  <system-out/>
  <testcase name="questionaireHappyPath" classname="test.TestExamKitchen">
    <skipped/>
  </testcase> <!-- questionaireHappyPath -->
  <system-out/>
</testsuite> <!-- test.TestExamKitchen -->
